<?xml version="1.0" encoding="UTF-8"?>
<!-- Generated by org.testng.reporters.JUnitReportReporter -->
<testsuite hostname="Mia" failures="0" tests="3" name="com.nopcommerce.user.Level_22_Multiple_Environment_Owner" time="5.519" errors="0" timestamp="17 thg 12 2023 15:39:31 GMT" skipped="0">
  <testcase classname="com.nopcommerce.user.Level_22_Multiple_Environment_Owner" name="User_03_My_Account" time="1.292"/>
  <testcase classname="com.nopcommerce.user.Level_22_Multiple_Environment_Owner" name="User_02_Login" time="1.646"/>
  <testcase classname="com.nopcommerce.user.Level_22_Multiple_Environment_Owner" name="User_01_Register" time="2.581"/>
</testsuite> <!-- com.nopcommerce.user.Level_22_Multiple_Environment_Owner -->
